# JRE version: Java(TM) SE Runtime Environment (19.0+36) (build 19+36-2238)
# Java VM: Java HotSpot(TM) 64-Bit Server VM (19+36-2238, mixed mode, sharing, tiered, compressed oops, compressed class ptrs, g1 gc, windows-amd64)
GC Precious Log:
 CardTable entry size: 512
 Card Set container configuration: InlinePtr #cards 5 size 8 Array Of Cards #cards 12 size 40 Howl #buckets 4 coarsen threshold 1843 Howl Bitmap #cards 512 size 80 coarsen threshold 460 Card regions per heap region 1 cards per card region 2048
 CPUs: 12 total, 12 available
 Memory: 7597M
 Large Page Support: Disabled
 NUMA Support: Disabled
 Compressed Oops: Enabled (32-bit)
 Heap Region Size: 1M
 Heap Min Capacity: 8M
 Heap Initial Capacity: 120M
 Heap Max Capacity: 2G
 Pre-touch: Disabled
 Parallel Workers: 10
 Concurrent Workers: 3
 Concurrent Refinement Workers: 10
 Periodic GC: Disabled
Heap:
 garbage-first heap   total 164864K, used 131292K [0x0000000080000000, 0x0000000100000000)
  region size 1024K, 27 young (27648K), 2 survivors (2048K)
 Metaspace       used 85334K, committed 87552K, reserved 552960K
  class space    used 11646K, committed 12800K, reserved 421888K
GC Heap History (20 events):
Event: 46.361 GC heap before
{Heap before GC invocations=19 (full 0):
 garbage-first heap   total 164864K, used 132017K [0x0000000080000000, 0x0000000100000000)
  region size 1024K, 66 young (67584K), 1 survivors (1024K)
 Metaspace       used 68004K, committed 69952K, reserved 487424K
  class space    used 9462K, committed 10496K, reserved 421888K
}
Event: 46.367 GC heap after
{Heap after GC invocations=20 (full 0):
 garbage-first heap   total 164864K, used 69931K [0x0000000080000000, 0x0000000100000000)
  region size 1024K, 6 young (6144K), 6 survivors (6144K)
 Metaspace       used 68004K, committed 69952K, reserved 487424K
  class space    used 9462K, committed 10496K, reserved 421888K
}
Event: 55.329 GC heap before
{Heap before GC invocations=20 (full 0):
 garbage-first heap   total 164864K, used 130347K [0x0000000080000000, 0x0000000100000000)
  region size 1024K, 66 young (67584K), 6 survivors (6144K)
 Metaspace       used 72620K, committed 74624K, reserved 487424K
  class space    used 10196K, committed 11264K, reserved 421888K
}
Event: 55.346 GC heap after
{Heap after GC invocations=21 (full 0):
 garbage-first heap   total 164864K, used 74633K [0x0000000080000000, 0x0000000100000000)
  region size 1024K, 6 young (6144K), 6 survivors (6144K)
 Metaspace       used 72620K, committed 74624K, reserved 487424K
  class space    used 10196K, committed 11264K, reserved 421888K
}
Event: 58.749 GC heap before
{Heap before GC invocations=21 (full 0):
 garbage-first heap   total 164864K, used 129929K [0x0000000080000000, 0x0000000100000000)
  region size 1024K, 61 young (62464K), 6 survivors (6144K)
 Metaspace       used 74710K, committed 76864K, reserved 552960K
  class space    used 10457K, committed 11584K, reserved 421888K
}
Event: 58.760 GC heap after
{Heap after GC invocations=22 (full 0):
 garbage-first heap   total 164864K, used 81321K [0x0000000080000000, 0x0000000100000000)
  region size 1024K, 8 young (8192K), 8 survivors (8192K)
 Metaspace       used 74710K, committed 76864K, reserved 552960K
  class space    used 10457K, committed 11584K, reserved 421888K
}
Event: 60.673 GC heap before
{Heap before GC invocations=22 (full 0):
 garbage-first heap   total 164864K, used 130473K [0x0000000080000000, 0x0000000100000000)
  region size 1024K, 57 young (58368K), 8 survivors (8192K)
 Metaspace       used 75172K, committed 77312K, reserved 552960K
  class space    used 10464K, committed 11584K, reserved 421888K
}
Event: 60.682 GC heap after
{Heap after GC invocations=23 (full 0):
 garbage-first heap   total 164864K, used 84032K [0x0000000080000000, 0x0000000100000000)
  region size 1024K, 6 young (6144K), 6 survivors (6144K)
 Metaspace       used 75172K, committed 77312K, reserved 552960K
  class space    used 10464K, committed 11584K, reserved 421888K
}
Event: 61.591 GC heap before
{Heap before GC invocations=23 (full 0):
 garbage-first heap   total 164864K, used 130112K [0x0000000080000000, 0x0000000100000000)
  region size 1024K, 52 young (53248K), 6 survivors (6144K)
 Metaspace       used 75195K, committed 77312K, reserved 552960K
  class space    used 10464K, committed 11584K, reserved 421888K
}
Event: 61.598 GC heap after
{Heap after GC invocations=24 (full 0):
 garbage-first heap   total 164864K, used 85584K [0x0000000080000000, 0x0000000100000000)
  region size 1024K, 4 young (4096K), 4 survivors (4096K)
 Metaspace       used 75195K, committed 77312K, reserved 552960K
  class space    used 10464K, committed 11584K, reserved 421888K
}
Event: 62.778 GC heap before
{Heap before GC invocations=24 (full 0):
 garbage-first heap   total 164864K, used 132688K [0x0000000080000000, 0x0000000100000000)
  region size 1024K, 51 young (52224K), 4 survivors (4096K)
 Metaspace       used 75200K, committed 77312K, reserved 552960K
  class space    used 10464K, committed 11584K, reserved 421888K
}
Event: 62.789 GC heap after
{Heap after GC invocations=25 (full 0):
 garbage-first heap   total 164864K, used 86352K [0x0000000080000000, 0x0000000100000000)
  region size 1024K, 5 young (5120K), 5 survivors (5120K)
 Metaspace       used 75200K, committed 77312K, reserved 552960K
  class space    used 10464K, committed 11584K, reserved 421888K
}
Event: 64.167 GC heap before
{Heap before GC invocations=25 (full 0):
 garbage-first heap   total 164864K, used 140624K [0x0000000080000000, 0x0000000100000000)
  region size 1024K, 52 young (53248K), 5 survivors (5120K)
 Metaspace       used 76515K, committed 78720K, reserved 552960K
  class space    used 10629K, committed 11776K, reserved 421888K
}
Event: 64.175 GC heap after
{Heap after GC invocations=26 (full 0):
 garbage-first heap   total 164864K, used 98408K [0x0000000080000000, 0x0000000100000000)
  region size 1024K, 7 young (7168K), 7 survivors (7168K)
 Metaspace       used 76515K, committed 78720K, reserved 552960K
  class space    used 10629K, committed 11776K, reserved 421888K
}
Event: 65.422 GC heap before
{Heap before GC invocations=26 (full 0):
 garbage-first heap   total 164864K, used 130152K [0x0000000080000000, 0x0000000100000000)
  region size 1024K, 39 young (39936K), 7 survivors (7168K)
 Metaspace       used 79336K, committed 81536K, reserved 552960K
  class space    used 10911K, committed 12032K, reserved 421888K
}
Event: 65.429 GC heap after
{Heap after GC invocations=27 (full 0):
 garbage-first heap   total 164864K, used 100159K [0x0000000080000000, 0x0000000100000000)
  region size 1024K, 2 young (2048K), 2 survivors (2048K)
 Metaspace       used 79336K, committed 81536K, reserved 552960K
  class space    used 10911K, committed 12032K, reserved 421888K
}
Event: 66.758 GC heap before
{Heap before GC invocations=27 (full 0):
 garbage-first heap   total 164864K, used 138047K [0x0000000080000000, 0x0000000100000000)
  region size 1024K, 35 young (35840K), 2 survivors (2048K)
 Metaspace       used 81694K, committed 83840K, reserved 552960K
  class space    used 11194K, committed 12288K, reserved 421888K
}
Event: 66.764 GC heap after
{Heap after GC invocations=28 (full 0):
 garbage-first heap   total 164864K, used 104954K [0x0000000080000000, 0x0000000100000000)
  region size 1024K, 5 young (5120K), 5 survivors (5120K)
 Metaspace       used 81694K, committed 83840K, reserved 552960K
  class space    used 11194K, committed 12288K, reserved 421888K
}
Event: 67.823 GC heap before
{Heap before GC invocations=28 (full 0):
 garbage-first heap   total 164864K, used 133626K [0x0000000080000000, 0x0000000100000000)
  region size 1024K, 34 young (34816K), 5 survivors (5120K)
 Metaspace       used 83741K, committed 85952K, reserved 552960K
  class space    used 11447K, committed 12608K, reserved 421888K
}
Event: 67.829 GC heap after
{Heap after GC invocations=29 (full 0):
 garbage-first heap   total 164864K, used 106716K [0x0000000080000000, 0x0000000100000000)
  region size 1024K, 2 young (2048K), 2 survivors (2048K)
 Metaspace       used 83741K, committed 85952K, reserved 552960K
  class space    used 11447K, committed 12608K, reserved 421888K
}

